<?xml version="1.0" encoding="UTF-8"?>
<!-- Generated by org.testng.reporters.JUnitReportReporter -->
<testsuite hostname="LIN-5CG1347NM5" failures="0" tests="7" name="com.nobroker.runner.TestNGRunner" time="153.895" errors="0" timestamp="2024-12-30T08:58:15 IST" skipped="0">
  <testcase classname="com.nobroker.runner.TestNGRunner" name="runScenario" time="15.702"/>
  <system-out/>
  <testcase classname="com.nobroker.runner.TestNGRunner" name="runScenario" time="20.077"/>
  <system-out/>
  <testcase classname="com.nobroker.runner.TestNGRunner" name="runScenario" time="22.514"/>
  <system-out/>
  <testcase classname="com.nobroker.runner.TestNGRunner" name="runScenario" time="22.505"/>
  <system-out/>
  <testcase classname="com.nobroker.runner.TestNGRunner" name="runScenario" time="21.520"/>
  <system-out/>
  <testcase classname="com.nobroker.runner.TestNGRunner" name="runScenario" time="30.518"/>
  <system-out/>
  <testcase classname="com.nobroker.runner.TestNGRunner" name="runScenario" time="21.059"/>
  <system-out/>
</testsuite> <!-- com.nobroker.runner.TestNGRunner -->
